Driving example: N-stress × axenic-proteomics
Experiment: 10.1101/2025.11.24.690089_growth_state_pro99lown_nutrient_starvation_med4_proteomics_axenic
Axis gene set: 5 genes (validated positives, all direction = +1)
     PMM0246  ntcA
     PMM0920  glnA
     PMM0263  amt1
     PMM1463  glnB
     PMM0970  urtA

Fetching genome-wide DE for the experiment ...
  total_matching = 4272
  rows returned  = 4272
  truncated      = False

Wrote full DE to /fast_data/Osnat/multiomics/multiomics_research/analyses/2026-04-27-1117-prochlorococcus_stress_axenic_vs_coculture/4_methods/data/n_stress_axenic_prot_de.csv
  unique genes:      1424
  unique timepoints: ['day 14', 'day 31', 'day 89']

Wrote per-TP scores to /fast_data/Osnat/multiomics/multiomics_research/analyses/2026-04-27-1117-prochlorococcus_stress_axenic_vs_coculture/4_methods/data/n_stress_axenic_prot_scores.csv
timepoint  timepoint_hours     growth_phase  axis_score  axis_mean_signed_lfc  background_mean_lfc  background_sd_lfc  n_axis_genes_with_data  n_background_genes_with_data                    axis_genes_with_data axis_genes_missing_data
   day 14            336.0 nutrient_limited    1.706877              1.271033            -0.037529           0.766641                       5                          1419 PMM0246;PMM0263;PMM0920;PMM0970;PMM1463                        
   day 31            744.0            death    0.926550              1.155355            -0.064543           1.316603                       5                          1419 PMM0246;PMM0263;PMM0920;PMM0970;PMM1463                        
   day 89           2136.0            death    1.011831              1.353570             0.089954           1.248841                       5                          1419 PMM0246;PMM0263;PMM0920;PMM0970;PMM1463                        

Worked example for first TP (day 14, nutrient_limited):
  Per-axis-gene log2fc:
    PMM0246: log2fc=+1.8650
    PMM0920: log2fc=+2.1205
    PMM0263: log2fc=+0.2705
    PMM1463: log2fc=+1.2747
    PMM0970: log2fc=+0.8244
  axis_mean_signed_lfc      = 1.2710
  background_mean_lfc       = -0.0375
  background_sd_lfc         = 0.7666
  axis_score                = (1.2710 - -0.0375) / 0.7666 = 1.7069

Wrote /fast_data/Osnat/multiomics/multiomics_research/analyses/2026-04-27-1117-prochlorococcus_stress_axenic_vs_coculture/4_methods/figures/n_stress_axenic_prot_trajectory.png
Wrote /fast_data/Osnat/multiomics/multiomics_research/analyses/2026-04-27-1117-prochlorococcus_stress_axenic_vs_coculture/4_methods/figures/n_stress_axenic_prot_trajectory.pdf
